Extra options: []
Measured: 10 times

Total Average: 11.868900 msec
Total Max:     12.151000 msec
Total Min:     11.633000 msec

 AVERAGE      MAX      MIN
---------------------------
5.470200 5.638000 5.335000: /home/yuki/.config/nvim/init.lua
4.075900 4.245000 3.973000: /home/yuki/.cache/dein/state_nvim.vim
2.660100 2.848000 2.595000: reading ShaDa
0.876500 0.997000 0.840000: loading rtp plugins
0.367600 0.400000 0.352000: require('utils')
0.305600 0.326000 0.298000: sourcing vimrc file(s)
0.293900 0.324000 0.284000: init lua interpreter
0.269900 0.288000 0.264000: /home/yuki/.cache/dein/repos/github.com/Shougo/dein.vim/autoload/dein/util.vim
0.233000 0.292000 0.215000: init highlight
0.189700 0.199000 0.183000: inits 1
0.185900 0.223000 0.179000: /home/yuki/.cache/dein/.cache/init.lua/.dein/plugin/denops.vim
0.173600 0.183000 0.168000: require('vim._defaults')
0.152000 0.178000 0.146000: /usr/share/nvim/runtime/syntax/syntax.vim
0.150700 0.157000 0.146000: require('plugins.telescope')
0.149800 0.177000 0.132000: event init
0.148200 0.177000 0.141000: /home/yuki/.cache/dein/repos/github.com/Shougo/dein.vim/autoload/dein/autoload.vim
0.145900 0.187000 0.138000: /usr/share/nvim/runtime/filetype.lua
0.145700 0.153000 0.140000: require('vim._init_packages')
0.113200 0.135000 0.107000: locale set
0.107800 0.123000 0.102000: /home/yuki/.cache/dein/repos/github.com/Shougo/dein.vim/autoload/dein.vim
0.103800 0.119000 0.097000: loading packages
0.090600 0.124000 0.085000: require('plugins.ui.lualine')
0.087300 0.109000 0.079000: opening buffers
0.086500 0.100000 0.084000: /home/yuki/.cache/dein/.cache/init.lua/.dein/autoload/denops.vim
0.084600 0.088000 0.079000: require('vim._editor')
0.084400 0.199000 0.067000: /usr/share/nvim/runtime/plugin/tohtml.vim
0.076400 0.109000 0.070000: require('plugins.lsp.coc')
0.064700 0.072000 0.060000: early init
0.056700 0.079000 0.053000: /usr/share/nvim/runtime/syntax/synload.vim
0.055500 0.060000 0.053000: require('const')
0.053800 0.089000 0.048000: require('plugins.git.gin')
0.048900 0.092000 0.043000: require('plugins.git.diffview')
0.042100 0.079000 0.031000: /usr/share/nvim/runtime/plugin/editorconfig.lua
0.041600 0.046000 0.040000: /home/yuki/.cache/dein/.cache/init.lua/.dein/plugin/skkeleton.vim
0.040800 0.061000 0.038000: /home/yuki/.cache/dein/.cache/init.lua/.dein/plugin/gin.vim
0.036100 0.038000 0.035000: /home/yuki/.config/nvim/autoload/plugins.vim
0.035600 0.046000 0.032000: /usr/share/nvim/runtime/plugin/nvim.lua
0.034400 0.036000 0.033000: require('plugins.ui.bufferline')
0.034100 0.040000 0.029000: init first window
0.034000 0.064000 0.027000: /usr/share/nvim/runtime/plugin/man.lua
0.033900 0.035000 0.032000: require('plugins.ui.nvim-tree')
0.033400 0.034000 0.033000: /home/yuki/.cache/dein/repos/github.com/Shougo/dein.vim/autoload/dein/min.vim
0.032700 0.033000 0.032000: /home/yuki/.cache/dein/.cache/init.lua/.dein/plugin/denops/debug.vim
0.029700 0.080000 0.024000: /home/yuki/.cache/dein/.cache/init.lua/.dein/plugin/gin-log.vim
0.028000 0.033000 0.026000: /usr/share/nvim/runtime/plugin/osc52.lua
0.027000 0.029000 0.026000: require('vim.inspect')
0.025200 0.026000 0.025000: /home/yuki/.cache/dein/.cache/init.lua/.dein/plugin/gin-branch.vim
0.024800 0.026000 0.023000: require('vim.shared')
0.024700 0.076000 0.017000: require('plugins.coding.skkeleton')
0.024650 0.043000 0.007000: /usr/share/nvim/runtime/ftplugin.vim
0.023900 0.035000 0.020000: require('plugins.ui.scrollbar')
0.023600 0.024000 0.023000: /home/yuki/.cache/dein/.cache/init.lua/.dein/plugin/gin-diff.vim
0.022800 0.024000 0.021000: require('vim._options')
0.021900 0.022000 0.021000: /home/yuki/.cache/dein/.cache/init.lua/.dein/plugin/gin-edit.vim
0.021600 0.027000 0.020000: /home/yuki/.cache/dein/.cache/init.lua/.dein/plugin/gin-status.vim
0.021300 0.042000 0.017000: expanding arguments
0.021000 0.025000 0.020000: /home/yuki/.cache/dein/repos/github.com/nvim-tree/nvim-web-devicons/plugin/nvim-web-devicons.vim
0.019200 0.020000 0.018000: require('plugins.others.quickrun')
0.018800 0.019000 0.018000: /home/yuki/.cache/dein/.cache/init.lua/.dein/plugin/gin-browse.vim
0.017800 0.018000 0.017000: /home/yuki/.cache/dein/.cache/init.lua/.dein/plugin/gin-cd.vim
0.014800 0.055000 0.009000: /usr/share/nvim/runtime/plugin/gzip.vim
0.013600 0.017000 0.013000: /home/yuki/.cache/dein/.cache/init.lua/.dein/plugin/nightfox.vim
0.013600 0.019000 0.013000: /home/yuki/.cache/dein/.cache/init.lua/.dein/plugin/gin-patch.vim
0.013200 0.027000 0.005000: /usr/share/nvim/runtime/indent.vim
0.013000 0.013000 0.013000: /home/yuki/.cache/dein/.cache/init.lua/.dein/plugin/gin-chaperon.vim
0.012500 0.014000 0.012000: /home/yuki/.cache/dein/repos/github.com/Shougo/dein.vim/ftdetect/dein.vim
0.012100 0.014000 0.011000: loading after plugins
0.011300 0.013000 0.010000: clear screen
0.010200 0.013000 0.009000: inits 2
0.009800 0.035000 0.007000: /usr/share/nvim/runtime/plugin/matchit.vim
0.009400 0.013000 0.009000: /usr/share/nvim/runtime/plugin/netrwPlugin.vim
0.008700 0.011000 0.008000: /usr/share/nvim/runtime/plugin/zipPlugin.vim
0.007400 0.011000 0.007000: /usr/share/nvim/runtime/plugin/matchparen.vim
0.007300 0.010000 0.007000: /usr/share/nvim/runtime/plugin/tarPlugin.vim
0.006500 0.007000 0.006000: window checked
0.006200 0.016000 0.005000: /usr/share/nvim/runtime/plugin/spellfile.vim
0.006000 0.008000 0.005000: inits 3
0.005800 0.011000 0.005000: /usr/share/nvim/runtime/plugin/tutor.vim
0.005100 0.006000 0.005000: /home/yuki/.cache/dein/.cache/init.lua/.dein/autoload/denops/_internal/conf.vim
0.005000 0.007000 0.004000: --- NVIM STARTING ---
0.004200 0.006000 0.004000: /usr/share/nvim/runtime/plugin/rplugin.vim
0.004100 0.005000 0.004000: /usr/share/nvim/runtime/plugin/shada.vim
0.003300 0.004000 0.003000: parsing arguments
0.003300 0.004000 0.003000: require('vim.keymap')
0.003300 0.004000 0.003000: init default mappings & autocommands
0.002100 0.003000 0.002000: editing files in windows
0.002100 0.003000 0.002000: BufEnter autocommands
